2023-4-30 16:35:03-debug: asset-db:worker-init (976ms)
2023-4-30 16:35:03-debug: Preimport db internal success
2023-4-30 16:35:03-debug: Preimport db assets success
2023-4-30 16:35:03-debug: asset-db:worker-effect-data-processing (108ms)
2023-4-30 16:35:06-debug: Set detail map pack:///resolution-detail-map.json: {}
2023-4-30 16:35:06-debug: Start up the 'internal' database...
2023-4-30 16:35:06-debug: asset-db:worker-init-script (1523ms)
2023-4-30 16:35:06-debug: start asset-db with asset: 409
2023-4-30 16:35:06-debug: Start up the 'assets' database...
2023-4-30 16:35:06-debug: asset-db:worker-startup-database[internal] (3091ms)
2023-4-30 16:35:06-debug: start asset-db with asset: 9
2023-4-30 16:35:06-debug: Asset DB is ready!
2023-4-30 16:35:06-debug: asset-db:worker-startup-database[assets] (2997ms)
2023-4-30 16:35:06-debug: init worker message success
2023-4-30 16:35:07-debug: programming:execute-script (1ms)
2023-4-30 16:35:07-debug: builder:worker-init (1133ms)
2023-4-30 16:35:09-debug: programming:execute-script (1ms)
2023-4-30 16:35:41-debug: refresh db internal success
2023-4-30 16:35:41-debug: asset-db:worker-effect-data-processing (109ms)
2023-4-30 16:35:41-debug: refresh db assets success
2023-4-30 16:35:41-debug: asset-db:refresh-all-database (177ms)
2023-4-30 16:36:23-debug: refresh db internal success
2023-4-30 16:36:23-debug: asset-db:worker-effect-data-processing (139ms)
2023-4-30 16:36:23-debug: refresh db assets success
2023-4-30 16:36:23-debug: asset-db:refresh-all-database (194ms)
2023-4-30 16:37:03-debug: Query all assets info in project
2023-4-30 16:37:03-debug: BuildAssetLibrary query-assets with assets 446
2023-4-30 16:37:03-debug: init custom config: keepNodeUuid: false, useCache: true
2023-4-30 16:37:03-debug:   Number of other assets: 304
2023-4-30 16:37:03-debug:   Number of all scenes: 1
2023-4-30 16:37:03-debug:   Number of all scripts: 2
2023-4-30 16:37:03-debug: 查询 Asset Bundle start0%
2023-4-30 16:37:03-debug: // ---- build task 查询 Asset Bundle ----
2023-4-30 16:37:03-debug: Process: heapTotal 210.48MB heapUsed 188.92MB rss 524.63MB
2023-4-30 16:37:03-debug: // ---- build task 查询 Asset Bundle ---- (12ms)
2023-4-30 16:37:03-debug: run build task 查询 Asset Bundle success in 12 ms √3%
2023-4-30 16:37:03-debug: Process: heapTotal 210.48MB heapUsed 188.78MB rss 527.59MB
2023-4-30 16:37:03-debug: // ---- build task 查询使用的资源以及资源包配置 ----
2023-4-30 16:37:03-debug: 查询使用的资源以及资源包配置 start3%
2023-4-30 16:37:03-debug: init bundle assets
2023-4-30 16:37:03-debug: Query preload assets from cc.config.json: 60f7195c-ec2a-45eb-ba94-8955f60e81d0,1c02ae6f-4492-4915-b8f8-7492a3b1e4cd,810e96e4-e456-4468-9b59-f4e8f39732c0,efe8e2a3-eace-427b-b4f1-cb8a937ec77d,e9aa9a3e-5b2b-4ac7-a2c7-073de2b2b24f,8bbdbcdd-5cd4-4100-b6d5-b7c9625b6107,50f4348b-c883-4e2f-8f11-ce233b859fa1,fda095cb-831d-4601-ad94-846013963de8,f92806d7-1768-443f-afe8-12bcde84d0f0,dd3a144d-ab7f-41f0-82b8-2e43a090d496,f0416e68-0200-4b77-a926-4f9d16e494da,ff9be190-20a4-4e48-b68c-76e3c7cff085,970b0598-bcb0-4714-91fb-2e81440dccd8,bcd64cc6-2dd9-43f6-abbe-66318d332032,d930590d-bb92-4cc8-8bd1-23cd027f9edf,a3cd009f-0ab0-420d-9278-b9fdab939bbc,9361fd90-ba52-4f84-aa93-6e878fd576ca,c27215d8-6835-4b68-bfbb-bdeac6100c04,b5d6115f-0370-4d7c-aad3-c194cc71cf98,871c3b6c-7379-419d-bda3-794b239ab90d
2023-4-30 16:37:03-debug: Number of scenes: 1
2023-4-30 16:37:03-debug: // ---- build task 查询使用的资源以及资源包配置 ---- (4ms)
2023-4-30 16:37:03-debug: run build task 查询使用的资源以及资源包配置 success in 4 ms √7%
2023-4-30 16:37:03-debug: 整理脚本分组与脚本数据 start7%
2023-4-30 16:37:03-debug: // ---- build task 整理脚本分组与脚本数据 ----
2023-4-30 16:37:03-debug: Process: heapTotal 210.48MB heapUsed 188.96MB rss 527.30MB
2023-4-30 16:37:03-debug: sort script group...
2023-4-30 16:37:03-debug: // ---- build task 整理脚本分组与脚本数据 ---- (1ms)
2023-4-30 16:37:03-debug: run build task 整理脚本分组与脚本数据 success in 1 ms √10%
2023-4-30 16:37:03-debug: 初始化 settings.json 与 config.json start10%
2023-4-30 16:37:03-debug: Process: heapTotal 210.48MB heapUsed 189.00MB rss 527.49MB
2023-4-30 16:37:03-debug: // ---- build task 初始化 settings.json 与 config.json ----
2023-4-30 16:37:03-debug: // ---- build task 初始化 settings.json 与 config.json ---- (1ms)
2023-4-30 16:37:03-debug: run build task 初始化 settings.json 与 config.json success in 1 ms √11%
2023-4-30 16:37:03-debug: builder.tasks.settings.macro start11%
2023-4-30 16:37:03-debug: // ---- build task builder.tasks.settings.macro ----
2023-4-30 16:37:03-debug: builder.tasks.settings.macro 字段未在编辑器多语言内定义
2023-4-30 16:37:03-debug: Process: heapTotal 210.48MB heapUsed 189.04MB rss 526.31MB
2023-4-30 16:37:03-debug: // ---- build task builder.tasks.settings.macro ---- (1ms)
2023-4-30 16:37:03-debug: run build task builder.tasks.settings.macro success in 1 ms √11%
2023-4-30 16:37:03-debug: 整理部分构建选项内数据到 settings.json start11%
2023-4-30 16:37:03-debug: // ---- build task 整理部分构建选项内数据到 settings.json ----
2023-4-30 16:37:03-debug: Process: heapTotal 210.48MB heapUsed 189.07MB rss 527.40MB
2023-4-30 16:37:03-debug: // ---- build task 整理部分构建选项内数据到 settings.json ---- (160ms)
2023-4-30 16:37:03-debug: run build task 整理部分构建选项内数据到 settings.json success in 160 ms √12%
2023-4-30 16:37:03-debug: Process: heapTotal 210.48MB heapUsed 189.24MB rss 525.03MB
2023-4-30 16:37:03-debug: custom joint texture layouts start12%
2023-4-30 16:37:03-debug: // ---- build task custom joint texture layouts ----
2023-4-30 16:37:03-debug: run build task custom joint texture layouts success in 0 ms √12%
2023-4-30 16:37:03-debug: // ---- build task custom joint physics ----
2023-4-30 16:37:03-debug: custom joint physics start12%
2023-4-30 16:37:03-debug: Process: heapTotal 210.48MB heapUsed 189.26MB rss 525.06MB
2023-4-30 16:37:03-debug: run build task custom joint physics success in 0 ms √13%
2023-4-30 16:37:03-debug: // ---- build task 填充脚本数据到 settings.json ----
2023-4-30 16:37:03-debug: Process: heapTotal 210.48MB heapUsed 189.29MB rss 525.09MB
2023-4-30 16:37:03-debug: 填充脚本数据到 settings.json start13%
2023-4-30 16:37:03-debug: // ---- build task 填充脚本数据到 settings.json ---- (1ms)
2023-4-30 16:37:03-debug: run build task 填充脚本数据到 settings.json success in 1 ms √13%
2023-4-30 16:37:03-debug: 填充场景数据到 settings.json start13%
2023-4-30 16:37:03-debug: Process: heapTotal 210.48MB heapUsed 189.32MB rss 525.12MB
2023-4-30 16:37:03-debug: // ---- build task 填充场景数据到 settings.json ----
2023-4-30 16:37:03-debug: run build task 填充场景数据到 settings.json success in 0 ms √14%
2023-4-30 16:37:03-debug: Process: heapTotal 210.48MB heapUsed 189.34MB rss 525.14MB
2023-4-30 16:37:03-debug: 整理资源分组，生成 packedAssets 以及 rawAssets 数据 start14%
2023-4-30 16:37:03-debug: // ---- build task 整理资源分组，生成 packedAssets 以及 rawAssets 数据 ----
2023-4-30 16:37:03-debug: // ---- build task 整理资源分组，生成 packedAssets 以及 rawAssets 数据 ---- (1ms)
2023-4-30 16:37:03-debug: run build task 整理资源分组，生成 packedAssets 以及 rawAssets 数据 success in 1 ms √14%
2023-4-30 16:37:03-debug: 从 suffixMap 生成 md5AssetsMap 到 settings.json start14%
2023-4-30 16:37:03-debug: // ---- build task 从 suffixMap 生成 md5AssetsMap 到 settings.json ----
2023-4-30 16:37:03-debug: Process: heapTotal 210.48MB heapUsed 189.39MB rss 525.19MB
2023-4-30 16:37:03-debug: options.md5Cache is false.
2023-4-30 16:37:03-debug: // ---- build task 从 suffixMap 生成 md5AssetsMap 到 settings.json ---- (1ms)
2023-4-30 16:37:03-debug: run build task 从 suffixMap 生成 md5AssetsMap 到 settings.json success in 1 ms √15%
2023-4-30 16:37:08-debug: refresh db internal success
2023-4-30 16:37:08-debug: asset-db:worker-effect-data-processing (105ms)
2023-4-30 16:37:08-debug: refresh db assets success
2023-4-30 16:37:09-debug: asset-db:refresh-all-database (161ms)
2023-4-30 16:39:12-debug: refresh db internal success
2023-4-30 16:39:12-debug: refresh db assets success
2023-4-30 16:39:12-debug: asset-db:worker-effect-data-processing (135ms)
2023-4-30 16:39:12-debug: asset-db:refresh-all-database (199ms)
2023-4-30 16:42:32-debug: refresh db internal success
2023-4-30 16:42:33-debug: asset-db:worker-effect-data-processing (139ms)
2023-4-30 16:42:33-debug: refresh db assets success
2023-4-30 16:42:33-debug: asset-db:refresh-all-database (206ms)
2023-4-30 16:46:43-debug: refresh db internal success
2023-4-30 16:46:44-debug: asset-db:worker-effect-data-processing (141ms)
2023-4-30 16:46:44-debug: %cImport%c: G:\code\cocos练习\explosionPoint\assets\scripts\game.tsbackground: #aaff85; color: #000;color: #000;
2023-4-30 16:46:44-debug: refresh db assets success
2023-4-30 16:46:44-debug: asset-db:refresh-all-database (184ms)
2023-4-30 16:46:45-debug: Query all assets info in project
2023-4-30 16:46:45-debug: BuildAssetLibrary query-assets with assets 446
2023-4-30 16:46:45-debug: init custom config: keepNodeUuid: false, useCache: true
2023-4-30 16:46:45-debug:   Number of all scenes: 1
2023-4-30 16:46:45-debug:   Number of all scripts: 2
2023-4-30 16:46:45-debug: 查询 Asset Bundle start0%
2023-4-30 16:46:45-debug:   Number of other assets: 304
2023-4-30 16:46:45-debug: // ---- build task 查询 Asset Bundle ----
2023-4-30 16:46:45-debug: Process: heapTotal 227.18MB heapUsed 191.30MB rss 536.98MB
2023-4-30 16:46:45-debug: // ---- build task 查询 Asset Bundle ---- (11ms)
2023-4-30 16:46:45-debug: run build task 查询 Asset Bundle success in 11 ms √3%
2023-4-30 16:46:45-debug: Process: heapTotal 227.18MB heapUsed 192.75MB rss 539.45MB
2023-4-30 16:46:45-debug: // ---- build task 查询使用的资源以及资源包配置 ----
2023-4-30 16:46:45-debug: 查询使用的资源以及资源包配置 start3%
2023-4-30 16:46:45-debug: init bundle assets
2023-4-30 16:46:45-debug: Query preload assets from cc.config.json: 60f7195c-ec2a-45eb-ba94-8955f60e81d0,1c02ae6f-4492-4915-b8f8-7492a3b1e4cd,810e96e4-e456-4468-9b59-f4e8f39732c0,efe8e2a3-eace-427b-b4f1-cb8a937ec77d,e9aa9a3e-5b2b-4ac7-a2c7-073de2b2b24f,8bbdbcdd-5cd4-4100-b6d5-b7c9625b6107,50f4348b-c883-4e2f-8f11-ce233b859fa1,fda095cb-831d-4601-ad94-846013963de8,f92806d7-1768-443f-afe8-12bcde84d0f0,dd3a144d-ab7f-41f0-82b8-2e43a090d496,f0416e68-0200-4b77-a926-4f9d16e494da,ff9be190-20a4-4e48-b68c-76e3c7cff085,970b0598-bcb0-4714-91fb-2e81440dccd8,bcd64cc6-2dd9-43f6-abbe-66318d332032,d930590d-bb92-4cc8-8bd1-23cd027f9edf,a3cd009f-0ab0-420d-9278-b9fdab939bbc,9361fd90-ba52-4f84-aa93-6e878fd576ca,c27215d8-6835-4b68-bfbb-bdeac6100c04,b5d6115f-0370-4d7c-aad3-c194cc71cf98,871c3b6c-7379-419d-bda3-794b239ab90d
2023-4-30 16:46:45-debug: Number of scenes: 1
2023-4-30 16:46:45-debug: // ---- build task 查询使用的资源以及资源包配置 ---- (3ms)
2023-4-30 16:46:45-debug: run build task 查询使用的资源以及资源包配置 success in 3 ms √7%
2023-4-30 16:46:45-debug: 整理脚本分组与脚本数据 start7%
2023-4-30 16:46:45-debug: // ---- build task 整理脚本分组与脚本数据 ----
2023-4-30 16:46:45-debug: Process: heapTotal 227.18MB heapUsed 192.91MB rss 540.35MB
2023-4-30 16:46:45-debug: sort script group...
2023-4-30 16:46:45-debug: // ---- build task 整理脚本分组与脚本数据 ---- (1ms)
2023-4-30 16:46:45-debug: run build task 整理脚本分组与脚本数据 success in 1 ms √10%
2023-4-30 16:46:45-debug: 初始化 settings.json 与 config.json start10%
2023-4-30 16:46:45-debug: // ---- build task 初始化 settings.json 与 config.json ----
2023-4-30 16:46:45-debug: Process: heapTotal 227.18MB heapUsed 192.95MB rss 540.55MB
2023-4-30 16:46:45-debug: // ---- build task 初始化 settings.json 与 config.json ---- (1ms)
2023-4-30 16:46:45-debug: run build task 初始化 settings.json 与 config.json success in 1 ms √11%
2023-4-30 16:46:45-debug: builder.tasks.settings.macro 字段未在编辑器多语言内定义
2023-4-30 16:46:45-debug: Process: heapTotal 227.18MB heapUsed 192.99MB rss 540.43MB
2023-4-30 16:46:45-debug: // ---- build task builder.tasks.settings.macro ----
2023-4-30 16:46:45-debug: builder.tasks.settings.macro start11%
2023-4-30 16:46:45-debug: // ---- build task builder.tasks.settings.macro ---- (4ms)
2023-4-30 16:46:45-debug: run build task builder.tasks.settings.macro success in 4 ms √11%
2023-4-30 16:46:45-debug: // ---- build task 整理部分构建选项内数据到 settings.json ----
2023-4-30 16:46:45-debug: Process: heapTotal 227.18MB heapUsed 193.03MB rss 541.52MB
2023-4-30 16:46:45-debug: 整理部分构建选项内数据到 settings.json start11%
2023-4-30 16:46:45-debug: // ---- build task 整理部分构建选项内数据到 settings.json ---- (4ms)
2023-4-30 16:46:45-debug: run build task 整理部分构建选项内数据到 settings.json success in 4 ms √12%
2023-4-30 16:46:45-debug: // ---- build task custom joint texture layouts ----
2023-4-30 16:46:45-debug: Process: heapTotal 227.18MB heapUsed 193.10MB rss 540.10MB
2023-4-30 16:46:45-debug: custom joint texture layouts start12%
2023-4-30 16:46:45-debug: // ---- build task custom joint texture layouts ---- (1ms)
2023-4-30 16:46:45-debug: run build task custom joint texture layouts success in 1 ms √12%
2023-4-30 16:46:45-debug: custom joint physics start12%
2023-4-30 16:46:45-debug: // ---- build task custom joint physics ----
2023-4-30 16:46:45-debug: Process: heapTotal 227.18MB heapUsed 193.26MB rss 538.94MB
2023-4-30 16:46:45-debug: // ---- build task custom joint physics ---- (1ms)
2023-4-30 16:46:45-debug: run build task custom joint physics success in 1 ms √13%
2023-4-30 16:46:45-debug: Process: heapTotal 227.18MB heapUsed 193.29MB rss 538.96MB
2023-4-30 16:46:45-debug: 填充脚本数据到 settings.json start13%
2023-4-30 16:46:45-debug: // ---- build task 填充脚本数据到 settings.json ----
2023-4-30 16:46:45-debug: run build task 填充脚本数据到 settings.json success in 0 ms √13%
2023-4-30 16:46:45-debug: 填充场景数据到 settings.json start13%
2023-4-30 16:46:45-debug: // ---- build task 填充场景数据到 settings.json ----
2023-4-30 16:46:45-debug: Process: heapTotal 227.18MB heapUsed 193.32MB rss 538.99MB
2023-4-30 16:46:45-debug: // ---- build task 填充场景数据到 settings.json ---- (1ms)
2023-4-30 16:46:45-debug: run build task 填充场景数据到 settings.json success in 1 ms √14%
2023-4-30 16:46:45-debug: 整理资源分组，生成 packedAssets 以及 rawAssets 数据 start14%
2023-4-30 16:46:45-debug: Process: heapTotal 227.18MB heapUsed 193.35MB rss 539.03MB
2023-4-30 16:46:45-debug: // ---- build task 整理资源分组，生成 packedAssets 以及 rawAssets 数据 ----
2023-4-30 16:46:45-debug: run build task 整理资源分组，生成 packedAssets 以及 rawAssets 数据 success in 0 ms √14%
2023-4-30 16:46:45-debug: // ---- build task 从 suffixMap 生成 md5AssetsMap 到 settings.json ----
2023-4-30 16:46:45-debug: options.md5Cache is false.
2023-4-30 16:46:45-debug: 从 suffixMap 生成 md5AssetsMap 到 settings.json start14%
2023-4-30 16:46:45-debug: Process: heapTotal 227.18MB heapUsed 193.39MB rss 539.07MB
2023-4-30 16:46:45-debug: // ---- build task 从 suffixMap 生成 md5AssetsMap 到 settings.json ---- (2ms)
2023-4-30 16:46:45-debug: run build task 从 suffixMap 生成 md5AssetsMap 到 settings.json success in 2 ms √15%
2023-4-30 16:46:55-debug: refresh db internal success
2023-4-30 16:46:56-debug: asset-db:worker-effect-data-processing (131ms)
2023-4-30 16:46:56-debug: refresh db assets success
2023-4-30 16:46:56-debug: asset-db:refresh-all-database (175ms)
2023-4-30 16:46:59-debug: refresh db internal success
2023-4-30 16:46:59-debug: asset-db:worker-effect-data-processing (96ms)
2023-4-30 16:46:59-debug: refresh db assets success
2023-4-30 16:46:59-debug: asset-db:refresh-all-database (147ms)
2023-4-30 16:47:44-debug: refresh db internal success
2023-4-30 16:47:44-debug: asset-db:worker-effect-data-processing (136ms)
2023-4-30 16:47:44-debug: %cImport%c: G:\code\cocos练习\explosionPoint\assets\scripts\game.tsbackground: #aaff85; color: #000;color: #000;
2023-4-30 16:47:44-debug: refresh db assets success
2023-4-30 16:47:44-debug: asset-db:refresh-all-database (188ms)
2023-4-30 16:47:45-debug: Query all assets info in project
2023-4-30 16:47:45-debug:   Number of all scenes: 1
2023-4-30 16:47:45-debug: init custom config: keepNodeUuid: false, useCache: true
2023-4-30 16:47:45-debug:   Number of all scripts: 2
2023-4-30 16:47:45-debug:   Number of other assets: 304
2023-4-30 16:47:45-debug: 查询 Asset Bundle start0%
2023-4-30 16:47:45-debug: // ---- build task 查询 Asset Bundle ----
2023-4-30 16:47:45-debug: Process: heapTotal 228.80MB heapUsed 194.23MB rss 542.83MB
2023-4-30 16:47:45-debug: BuildAssetLibrary query-assets with assets 446
2023-4-30 16:47:46-debug: // ---- build task 查询 Asset Bundle ---- (10ms)
2023-4-30 16:47:46-debug: run build task 查询 Asset Bundle success in 10 ms √3%
2023-4-30 16:47:46-debug: // ---- build task 查询使用的资源以及资源包配置 ----
2023-4-30 16:47:46-debug: Process: heapTotal 226.69MB heapUsed 187.74MB rss 538.98MB
2023-4-30 16:47:46-debug: init bundle assets
2023-4-30 16:47:46-debug: 查询使用的资源以及资源包配置 start3%
2023-4-30 16:47:46-debug: Query preload assets from cc.config.json: 60f7195c-ec2a-45eb-ba94-8955f60e81d0,1c02ae6f-4492-4915-b8f8-7492a3b1e4cd,810e96e4-e456-4468-9b59-f4e8f39732c0,efe8e2a3-eace-427b-b4f1-cb8a937ec77d,e9aa9a3e-5b2b-4ac7-a2c7-073de2b2b24f,8bbdbcdd-5cd4-4100-b6d5-b7c9625b6107,50f4348b-c883-4e2f-8f11-ce233b859fa1,fda095cb-831d-4601-ad94-846013963de8,f92806d7-1768-443f-afe8-12bcde84d0f0,dd3a144d-ab7f-41f0-82b8-2e43a090d496,f0416e68-0200-4b77-a926-4f9d16e494da,ff9be190-20a4-4e48-b68c-76e3c7cff085,970b0598-bcb0-4714-91fb-2e81440dccd8,bcd64cc6-2dd9-43f6-abbe-66318d332032,d930590d-bb92-4cc8-8bd1-23cd027f9edf,a3cd009f-0ab0-420d-9278-b9fdab939bbc,9361fd90-ba52-4f84-aa93-6e878fd576ca,c27215d8-6835-4b68-bfbb-bdeac6100c04,b5d6115f-0370-4d7c-aad3-c194cc71cf98,871c3b6c-7379-419d-bda3-794b239ab90d
2023-4-30 16:47:46-debug: Number of scenes: 1
2023-4-30 16:47:46-debug: // ---- build task 查询使用的资源以及资源包配置 ---- (7ms)
2023-4-30 16:47:46-debug: Process: heapTotal 226.69MB heapUsed 187.90MB rss 539.23MB
2023-4-30 16:47:46-debug: 整理脚本分组与脚本数据 start7%
2023-4-30 16:47:46-debug: run build task 查询使用的资源以及资源包配置 success in 7 ms √7%
2023-4-30 16:47:46-debug: // ---- build task 整理脚本分组与脚本数据 ----
2023-4-30 16:47:46-debug: sort script group...
2023-4-30 16:47:46-debug: // ---- build task 整理脚本分组与脚本数据 ---- (3ms)
2023-4-30 16:47:46-debug: run build task 整理脚本分组与脚本数据 success in 3 ms √10%
2023-4-30 16:47:46-debug: 初始化 settings.json 与 config.json start10%
2023-4-30 16:47:46-debug: // ---- build task 初始化 settings.json 与 config.json ----
2023-4-30 16:47:46-debug: Process: heapTotal 226.69MB heapUsed 187.94MB rss 539.24MB
2023-4-30 16:47:46-debug: run build task 初始化 settings.json 与 config.json success in 0 ms √11%
2023-4-30 16:47:46-debug: builder.tasks.settings.macro 字段未在编辑器多语言内定义
2023-4-30 16:47:46-debug: builder.tasks.settings.macro start11%
2023-4-30 16:47:46-debug: // ---- build task builder.tasks.settings.macro ----
2023-4-30 16:47:46-debug: Process: heapTotal 226.69MB heapUsed 187.97MB rss 539.24MB
2023-4-30 16:47:46-debug: // ---- build task builder.tasks.settings.macro ---- (2ms)
2023-4-30 16:47:46-debug: run build task builder.tasks.settings.macro success in 2 ms √11%
2023-4-30 16:47:46-debug: 整理部分构建选项内数据到 settings.json start11%
2023-4-30 16:47:46-debug: // ---- build task 整理部分构建选项内数据到 settings.json ----
2023-4-30 16:47:46-debug: Process: heapTotal 226.69MB heapUsed 188.01MB rss 539.26MB
2023-4-30 16:47:46-debug: // ---- build task 整理部分构建选项内数据到 settings.json ---- (7ms)
2023-4-30 16:47:46-debug: run build task 整理部分构建选项内数据到 settings.json success in 7 ms √12%
2023-4-30 16:47:46-debug: custom joint texture layouts start12%
2023-4-30 16:47:46-debug: Process: heapTotal 226.69MB heapUsed 188.08MB rss 539.26MB
2023-4-30 16:47:46-debug: // ---- build task custom joint texture layouts ----
2023-4-30 16:47:46-debug: // ---- build task custom joint texture layouts ---- (1ms)
2023-4-30 16:47:46-debug: run build task custom joint texture layouts success in 1 ms √12%
2023-4-30 16:47:46-debug: // ---- build task custom joint physics ----
2023-4-30 16:47:46-debug: Process: heapTotal 226.69MB heapUsed 188.11MB rss 539.27MB
2023-4-30 16:47:46-debug: custom joint physics start12%
2023-4-30 16:47:46-debug: 填充脚本数据到 settings.json start13%
2023-4-30 16:47:46-debug: // ---- build task 填充脚本数据到 settings.json ----
2023-4-30 16:47:46-debug: Process: heapTotal 226.69MB heapUsed 188.14MB rss 539.27MB
2023-4-30 16:47:46-debug: run build task custom joint physics success in 0 ms √13%
2023-4-30 16:47:46-debug: // ---- build task 填充场景数据到 settings.json ----
2023-4-30 16:47:46-debug: Process: heapTotal 226.69MB heapUsed 188.16MB rss 539.27MB
2023-4-30 16:47:46-debug: 填充场景数据到 settings.json start13%
2023-4-30 16:47:46-debug: // ---- build task 填充脚本数据到 settings.json ---- (1ms)
2023-4-30 16:47:46-debug: run build task 填充脚本数据到 settings.json success in 1 ms √13%
2023-4-30 16:47:46-debug: // ---- build task 填充场景数据到 settings.json ---- (1ms)
2023-4-30 16:47:46-debug: run build task 填充场景数据到 settings.json success in 1 ms √14%
2023-4-30 16:47:46-debug: // ---- build task 整理资源分组，生成 packedAssets 以及 rawAssets 数据 ----
2023-4-30 16:47:46-debug: 整理资源分组，生成 packedAssets 以及 rawAssets 数据 start14%
2023-4-30 16:47:46-debug: Process: heapTotal 226.69MB heapUsed 188.20MB rss 539.27MB
2023-4-30 16:47:46-debug: // ---- build task 整理资源分组，生成 packedAssets 以及 rawAssets 数据 ---- (1ms)
2023-4-30 16:47:46-debug: run build task 整理资源分组，生成 packedAssets 以及 rawAssets 数据 success in 1 ms √14%
2023-4-30 16:47:46-debug: // ---- build task 从 suffixMap 生成 md5AssetsMap 到 settings.json ----
2023-4-30 16:47:46-debug: 从 suffixMap 生成 md5AssetsMap 到 settings.json start14%
2023-4-30 16:47:46-debug: Process: heapTotal 226.69MB heapUsed 188.25MB rss 539.28MB
2023-4-30 16:47:46-debug: options.md5Cache is false.
2023-4-30 16:47:46-debug: // ---- build task 从 suffixMap 生成 md5AssetsMap 到 settings.json ---- (1ms)
2023-4-30 16:47:46-debug: run build task 从 suffixMap 生成 md5AssetsMap 到 settings.json success in 1 ms √15%
2023-4-30 16:47:50-debug: refresh db internal success
2023-4-30 16:47:50-debug: asset-db:worker-effect-data-processing (97ms)
2023-4-30 16:47:50-debug: refresh db assets success
2023-4-30 16:47:50-debug: asset-db:refresh-all-database (153ms)
2023-4-30 16:49:11-debug: refresh db internal success
2023-4-30 16:49:11-debug: asset-db:worker-effect-data-processing (134ms)
2023-4-30 16:49:11-debug: %cImport%c: G:\code\cocos练习\explosionPoint\assets\scripts\game.tsbackground: #aaff85; color: #000;color: #000;
2023-4-30 16:49:11-debug: refresh db assets success
2023-4-30 16:49:11-debug: asset-db:refresh-all-database (192ms)
2023-4-30 16:49:12-debug: Query all assets info in project
2023-4-30 16:49:12-debug: BuildAssetLibrary query-assets with assets 446
2023-4-30 16:49:12-debug: init custom config: keepNodeUuid: false, useCache: true
2023-4-30 16:49:12-debug:   Number of all scenes: 1
2023-4-30 16:49:12-debug:   Number of all scripts: 2
2023-4-30 16:49:12-debug:   Number of other assets: 304
2023-4-30 16:49:12-debug: 查询 Asset Bundle start0%
2023-4-30 16:49:12-debug: // ---- build task 查询 Asset Bundle ----
2023-4-30 16:49:12-debug: Process: heapTotal 228.43MB heapUsed 191.46MB rss 538.59MB
2023-4-30 16:49:12-debug: // ---- build task 查询 Asset Bundle ---- (9ms)
2023-4-30 16:49:12-debug: run build task 查询 Asset Bundle success in 9 ms √3%
2023-4-30 16:49:12-debug: Process: heapTotal 228.43MB heapUsed 192.88MB rss 540.67MB
2023-4-30 16:49:12-debug: init bundle assets
2023-4-30 16:49:12-debug: 查询使用的资源以及资源包配置 start3%
2023-4-30 16:49:12-debug: // ---- build task 查询使用的资源以及资源包配置 ----
2023-4-30 16:49:12-debug: Query preload assets from cc.config.json: 60f7195c-ec2a-45eb-ba94-8955f60e81d0,1c02ae6f-4492-4915-b8f8-7492a3b1e4cd,810e96e4-e456-4468-9b59-f4e8f39732c0,efe8e2a3-eace-427b-b4f1-cb8a937ec77d,e9aa9a3e-5b2b-4ac7-a2c7-073de2b2b24f,8bbdbcdd-5cd4-4100-b6d5-b7c9625b6107,50f4348b-c883-4e2f-8f11-ce233b859fa1,fda095cb-831d-4601-ad94-846013963de8,f92806d7-1768-443f-afe8-12bcde84d0f0,dd3a144d-ab7f-41f0-82b8-2e43a090d496,f0416e68-0200-4b77-a926-4f9d16e494da,ff9be190-20a4-4e48-b68c-76e3c7cff085,970b0598-bcb0-4714-91fb-2e81440dccd8,bcd64cc6-2dd9-43f6-abbe-66318d332032,d930590d-bb92-4cc8-8bd1-23cd027f9edf,a3cd009f-0ab0-420d-9278-b9fdab939bbc,9361fd90-ba52-4f84-aa93-6e878fd576ca,c27215d8-6835-4b68-bfbb-bdeac6100c04,b5d6115f-0370-4d7c-aad3-c194cc71cf98,871c3b6c-7379-419d-bda3-794b239ab90d
2023-4-30 16:49:12-debug: Number of scenes: 1
2023-4-30 16:49:12-debug: // ---- build task 查询使用的资源以及资源包配置 ---- (4ms)
2023-4-30 16:49:12-debug: run build task 查询使用的资源以及资源包配置 success in 4 ms √7%
2023-4-30 16:49:12-debug: sort script group...
2023-4-30 16:49:12-debug: 整理脚本分组与脚本数据 start7%
2023-4-30 16:49:12-debug: Process: heapTotal 228.43MB heapUsed 193.04MB rss 541.53MB
2023-4-30 16:49:12-debug: // ---- build task 整理脚本分组与脚本数据 ----
2023-4-30 16:49:12-debug: run build task 整理脚本分组与脚本数据 success in 0 ms √10%
2023-4-30 16:49:12-debug: // ---- build task 初始化 settings.json 与 config.json ----
2023-4-30 16:49:12-debug: 初始化 settings.json 与 config.json start10%
2023-4-30 16:49:12-debug: Process: heapTotal 228.43MB heapUsed 193.07MB rss 541.75MB
2023-4-30 16:49:12-debug: // ---- build task 初始化 settings.json 与 config.json ---- (1ms)
2023-4-30 16:49:12-debug: run build task 初始化 settings.json 与 config.json success in 1 ms √11%
2023-4-30 16:49:12-debug: builder.tasks.settings.macro 字段未在编辑器多语言内定义
2023-4-30 16:49:12-debug: builder.tasks.settings.macro start11%
2023-4-30 16:49:12-debug: // ---- build task builder.tasks.settings.macro ----
2023-4-30 16:49:12-debug: Process: heapTotal 228.43MB heapUsed 193.11MB rss 542.73MB
2023-4-30 16:49:12-debug: // ---- build task builder.tasks.settings.macro ---- (3ms)
2023-4-30 16:49:12-debug: run build task builder.tasks.settings.macro success in 3 ms √11%
2023-4-30 16:49:12-debug: // ---- build task 整理部分构建选项内数据到 settings.json ----
2023-4-30 16:49:12-debug: Process: heapTotal 228.43MB heapUsed 193.17MB rss 540.21MB
2023-4-30 16:49:12-debug: 整理部分构建选项内数据到 settings.json start11%
2023-4-30 16:49:12-debug: // ---- build task 整理部分构建选项内数据到 settings.json ---- (6ms)
2023-4-30 16:49:12-debug: run build task 整理部分构建选项内数据到 settings.json success in 6 ms √12%
2023-4-30 16:49:12-debug: // ---- build task custom joint texture layouts ----
2023-4-30 16:49:12-debug: custom joint texture layouts start12%
2023-4-30 16:49:12-debug: Process: heapTotal 228.43MB heapUsed 193.24MB rss 540.29MB
2023-4-30 16:49:12-debug: // ---- build task custom joint texture layouts ---- (1ms)
2023-4-30 16:49:12-debug: custom joint physics start12%
2023-4-30 16:49:12-debug: run build task custom joint texture layouts success in 1 ms √12%
2023-4-30 16:49:12-debug: // ---- build task custom joint physics ----
2023-4-30 16:49:12-debug: // ---- build task custom joint physics ---- (1ms)
2023-4-30 16:49:12-debug: run build task custom joint physics success in 1 ms √13%
2023-4-30 16:49:12-debug: 填充脚本数据到 settings.json start13%
2023-4-30 16:49:12-debug: // ---- build task 填充脚本数据到 settings.json ----
2023-4-30 16:49:12-debug: Process: heapTotal 228.43MB heapUsed 193.30MB rss 540.36MB
2023-4-30 16:49:12-debug: Process: heapTotal 228.43MB heapUsed 193.27MB rss 540.32MB
2023-4-30 16:49:12-debug: // ---- build task 填充脚本数据到 settings.json ---- (1ms)
2023-4-30 16:49:12-debug: run build task 填充脚本数据到 settings.json success in 1 ms √13%
2023-4-30 16:49:12-debug: // ---- build task 填充场景数据到 settings.json ----
2023-4-30 16:49:12-debug: Process: heapTotal 228.43MB heapUsed 193.33MB rss 540.39MB
2023-4-30 16:49:12-debug: 填充场景数据到 settings.json start13%
2023-4-30 16:49:12-debug: // ---- build task 填充场景数据到 settings.json ---- (1ms)
2023-4-30 16:49:12-debug: 整理资源分组，生成 packedAssets 以及 rawAssets 数据 start14%
2023-4-30 16:49:12-debug: run build task 填充场景数据到 settings.json success in 1 ms √14%
2023-4-30 16:49:12-debug: Process: heapTotal 228.43MB heapUsed 193.36MB rss 540.43MB
2023-4-30 16:49:12-debug: // ---- build task 整理资源分组，生成 packedAssets 以及 rawAssets 数据 ----
2023-4-30 16:49:12-debug: // ---- build task 整理资源分组，生成 packedAssets 以及 rawAssets 数据 ---- (1ms)
2023-4-30 16:49:12-debug: 从 suffixMap 生成 md5AssetsMap 到 settings.json start14%
2023-4-30 16:49:12-debug: // ---- build task 从 suffixMap 生成 md5AssetsMap 到 settings.json ----
2023-4-30 16:49:12-debug: Process: heapTotal 228.43MB heapUsed 193.40MB rss 540.47MB
2023-4-30 16:49:12-debug: options.md5Cache is false.
2023-4-30 16:49:12-debug: run build task 整理资源分组，生成 packedAssets 以及 rawAssets 数据 success in 1 ms √14%
2023-4-30 16:49:12-debug: run build task 从 suffixMap 生成 md5AssetsMap 到 settings.json success in 1 ms √15%
2023-4-30 16:49:12-debug: // ---- build task 从 suffixMap 生成 md5AssetsMap 到 settings.json ---- (1ms)
2023-4-30 16:49:19-debug: refresh db internal success
2023-4-30 16:49:19-debug: asset-db:worker-effect-data-processing (98ms)
2023-4-30 16:49:19-debug: refresh db assets success
2023-4-30 16:49:19-debug: asset-db:refresh-all-database (148ms)
2023-4-30 16:49:22-debug: refresh db internal success
2023-4-30 16:49:22-debug: asset-db:worker-effect-data-processing (95ms)
2023-4-30 16:49:22-debug: refresh db assets success
2023-4-30 16:49:22-debug: asset-db:refresh-all-database (136ms)
2023-4-30 16:49:44-debug: refresh db internal success
2023-4-30 16:49:44-debug: %cImport%c: G:\code\cocos练习\explosionPoint\assets\scripts\game.tsbackground: #aaff85; color: #000;color: #000;
2023-4-30 16:49:44-debug: asset-db:worker-effect-data-processing (132ms)
2023-4-30 16:49:44-debug: refresh db assets success
2023-4-30 16:49:44-debug: asset-db:refresh-all-database (194ms)
2023-4-30 16:49:46-debug: Query all assets info in project
2023-4-30 16:49:46-debug: BuildAssetLibrary query-assets with assets 446
2023-4-30 16:49:46-debug: init custom config: keepNodeUuid: false, useCache: true
2023-4-30 16:49:46-debug:   Number of all scenes: 1
2023-4-30 16:49:46-debug:   Number of other assets: 304
2023-4-30 16:49:46-debug:   Number of all scripts: 2
2023-4-30 16:49:46-debug: 查询 Asset Bundle start0%
2023-4-30 16:49:46-debug: // ---- build task 查询 Asset Bundle ----
2023-4-30 16:49:46-debug: Process: heapTotal 232.43MB heapUsed 197.47MB rss 547.34MB
2023-4-30 16:49:46-debug: // ---- build task 查询 Asset Bundle ---- (9ms)
2023-4-30 16:49:46-debug: run build task 查询 Asset Bundle success in 9 ms √3%
2023-4-30 16:49:46-debug: // ---- build task 查询使用的资源以及资源包配置 ----
2023-4-30 16:49:46-debug: Process: heapTotal 230.32MB heapUsed 190.97MB rss 543.34MB
2023-4-30 16:49:46-debug: init bundle assets
2023-4-30 16:49:46-debug: 查询使用的资源以及资源包配置 start3%
2023-4-30 16:49:46-debug: Query preload assets from cc.config.json: 60f7195c-ec2a-45eb-ba94-8955f60e81d0,1c02ae6f-4492-4915-b8f8-7492a3b1e4cd,810e96e4-e456-4468-9b59-f4e8f39732c0,efe8e2a3-eace-427b-b4f1-cb8a937ec77d,e9aa9a3e-5b2b-4ac7-a2c7-073de2b2b24f,8bbdbcdd-5cd4-4100-b6d5-b7c9625b6107,50f4348b-c883-4e2f-8f11-ce233b859fa1,fda095cb-831d-4601-ad94-846013963de8,f92806d7-1768-443f-afe8-12bcde84d0f0,dd3a144d-ab7f-41f0-82b8-2e43a090d496,f0416e68-0200-4b77-a926-4f9d16e494da,ff9be190-20a4-4e48-b68c-76e3c7cff085,970b0598-bcb0-4714-91fb-2e81440dccd8,bcd64cc6-2dd9-43f6-abbe-66318d332032,d930590d-bb92-4cc8-8bd1-23cd027f9edf,a3cd009f-0ab0-420d-9278-b9fdab939bbc,9361fd90-ba52-4f84-aa93-6e878fd576ca,c27215d8-6835-4b68-bfbb-bdeac6100c04,b5d6115f-0370-4d7c-aad3-c194cc71cf98,871c3b6c-7379-419d-bda3-794b239ab90d
2023-4-30 16:49:46-debug: Number of scenes: 1
2023-4-30 16:49:46-debug: // ---- build task 查询使用的资源以及资源包配置 ---- (4ms)
2023-4-30 16:49:46-debug: run build task 查询使用的资源以及资源包配置 success in 4 ms √7%
2023-4-30 16:49:46-debug: 整理脚本分组与脚本数据 start7%
2023-4-30 16:49:46-debug: // ---- build task 整理脚本分组与脚本数据 ----
2023-4-30 16:49:46-debug: Process: heapTotal 230.32MB heapUsed 191.13MB rss 543.37MB
2023-4-30 16:49:46-debug: sort script group...
2023-4-30 16:49:46-debug: // ---- build task 整理脚本分组与脚本数据 ---- (1ms)
2023-4-30 16:49:46-debug: run build task 整理脚本分组与脚本数据 success in 1 ms √10%
2023-4-30 16:49:46-debug: 初始化 settings.json 与 config.json start10%
2023-4-30 16:49:46-debug: // ---- build task 初始化 settings.json 与 config.json ----
2023-4-30 16:49:46-debug: Process: heapTotal 230.32MB heapUsed 191.17MB rss 543.37MB
2023-4-30 16:49:46-debug: builder.tasks.settings.macro start11%
2023-4-30 16:49:46-debug: // ---- build task builder.tasks.settings.macro ----
2023-4-30 16:49:46-debug: Process: heapTotal 230.32MB heapUsed 191.20MB rss 543.38MB
2023-4-30 16:49:46-debug: // ---- build task 初始化 settings.json 与 config.json ---- (1ms)
2023-4-30 16:49:46-debug: run build task 初始化 settings.json 与 config.json success in 1 ms √11%
2023-4-30 16:49:46-debug: builder.tasks.settings.macro 字段未在编辑器多语言内定义
2023-4-30 16:49:46-debug: // ---- build task builder.tasks.settings.macro ---- (2ms)
2023-4-30 16:49:46-debug: 整理部分构建选项内数据到 settings.json start11%
2023-4-30 16:49:46-debug: // ---- build task 整理部分构建选项内数据到 settings.json ----
2023-4-30 16:49:46-debug: run build task builder.tasks.settings.macro success in 2 ms √11%
2023-4-30 16:49:46-debug: Process: heapTotal 230.32MB heapUsed 191.24MB rss 543.38MB
2023-4-30 16:49:46-debug: // ---- build task 整理部分构建选项内数据到 settings.json ---- (4ms)
2023-4-30 16:49:46-debug: // ---- build task custom joint texture layouts ----
2023-4-30 16:49:46-debug: Process: heapTotal 230.32MB heapUsed 191.32MB rss 543.41MB
2023-4-30 16:49:46-debug: run build task 整理部分构建选项内数据到 settings.json success in 4 ms √12%
2023-4-30 16:49:46-debug: custom joint texture layouts start12%
2023-4-30 16:49:46-debug: // ---- build task custom joint texture layouts ---- (2ms)
2023-4-30 16:49:46-debug: run build task custom joint texture layouts success in 2 ms √12%
2023-4-30 16:49:46-debug: custom joint physics start12%
2023-4-30 16:49:46-debug: // ---- build task custom joint physics ----
2023-4-30 16:49:46-debug: Process: heapTotal 230.32MB heapUsed 191.35MB rss 543.41MB
2023-4-30 16:49:46-debug: run build task custom joint physics success in 1 ms √13%
2023-4-30 16:49:46-debug: // ---- build task custom joint physics ---- (1ms)
2023-4-30 16:49:46-debug: // ---- build task 填充脚本数据到 settings.json ----
2023-4-30 16:49:46-debug: Process: heapTotal 230.32MB heapUsed 191.38MB rss 543.42MB
2023-4-30 16:49:46-debug: 填充脚本数据到 settings.json start13%
2023-4-30 16:49:46-debug: 填充场景数据到 settings.json start13%
2023-4-30 16:49:46-debug: // ---- build task 填充场景数据到 settings.json ----
2023-4-30 16:49:46-debug: Process: heapTotal 230.32MB heapUsed 191.40MB rss 543.42MB
2023-4-30 16:49:46-debug: // ---- build task 填充脚本数据到 settings.json ---- (1ms)
2023-4-30 16:49:46-debug: run build task 填充脚本数据到 settings.json success in 1 ms √13%
2023-4-30 16:49:46-debug: run build task 填充场景数据到 settings.json success in 0 ms √14%
2023-4-30 16:49:46-debug: 整理资源分组，生成 packedAssets 以及 rawAssets 数据 start14%
2023-4-30 16:49:46-debug: Process: heapTotal 230.32MB heapUsed 191.43MB rss 543.42MB
2023-4-30 16:49:46-debug: // ---- build task 整理资源分组，生成 packedAssets 以及 rawAssets 数据 ----
2023-4-30 16:49:46-debug: run build task 整理资源分组，生成 packedAssets 以及 rawAssets 数据 success in 0 ms √14%
2023-4-30 16:49:46-debug: 从 suffixMap 生成 md5AssetsMap 到 settings.json start14%
2023-4-30 16:49:46-debug: Process: heapTotal 230.32MB heapUsed 191.48MB rss 543.43MB
2023-4-30 16:49:46-debug: // ---- build task 从 suffixMap 生成 md5AssetsMap 到 settings.json ----
2023-4-30 16:49:46-debug: options.md5Cache is false.
2023-4-30 16:49:46-debug: // ---- build task 从 suffixMap 生成 md5AssetsMap 到 settings.json ---- (1ms)
2023-4-30 16:49:46-debug: run build task 从 suffixMap 生成 md5AssetsMap 到 settings.json success in 1 ms √15%
2023-4-30 16:49:50-debug: refresh db internal success
2023-4-30 16:49:50-debug: asset-db:worker-effect-data-processing (99ms)
2023-4-30 16:49:50-debug: refresh db assets success
2023-4-30 16:49:50-debug: asset-db:refresh-all-database (143ms)
2023-4-30 16:56:24-debug: refresh db internal success
2023-4-30 16:56:25-debug: asset-db:worker-effect-data-processing (104ms)
2023-4-30 16:56:25-debug: refresh db assets success
2023-4-30 16:56:25-debug: asset-db:refresh-all-database (147ms)
2023-4-30 16:58:53-debug: refresh db internal success
2023-4-30 16:58:53-debug: asset-db:worker-effect-data-processing (134ms)
2023-4-30 16:58:53-debug: refresh db assets success
2023-4-30 16:58:53-debug: asset-db:refresh-all-database (192ms)
2023-4-30 17:44:25-debug: refresh db internal success
2023-4-30 17:44:25-debug: asset-db:worker-effect-data-processing (188ms)
2023-4-30 17:44:25-debug: refresh db assets success
2023-4-30 17:44:25-debug: asset-db:refresh-all-database (321ms)
2023-4-30 18:02:51-debug: refresh db internal success
2023-4-30 18:02:51-debug: asset-db:worker-effect-data-processing (100ms)
2023-4-30 18:02:51-debug: refresh db assets success
2023-4-30 18:02:51-debug: asset-db:refresh-all-database (154ms)
2023-5-1 00:14:36-debug: refresh db internal success
2023-5-1 00:14:37-debug: asset-db:worker-effect-data-processing (200ms)
2023-5-1 00:14:37-debug: refresh db assets success
2023-5-1 00:14:37-debug: asset-db:refresh-all-database (436ms)
