2023-5-11 16:06:09 - verbose: Arguments:
2023-5-11 16:06:09 - verbose:   E:\cocos-editors\Creator\3.7.2\CocosCreator.exe: true
2023-5-11 16:06:09 - verbose:   project: G:\code\cocos练习\explosionPoint
2023-5-11 16:06:09 - verbose:   dev: false
2023-5-11 16:06:09 - verbose:   home: C:\Users\ALQ\.CocosCreator
2023-5-11 16:06:09 - verbose:  
2023-5-11 16:06:14 - verbose: [Package] menu@1.0.0 enable
2023-5-11 16:06:14 - verbose: [Package] profile@1.0.0 enable
2023-5-11 16:06:14 - verbose: [Package] project@1.0.4 enable
2023-5-11 16:06:14 - verbose: [Package] messages@1.0.0 enable
2023-5-11 16:06:14 - verbose: [Package] program@1.0.3 enable
2023-5-11 16:06:14 - verbose: [Package] tester@1.0.0 enable
2023-5-11 16:06:14 - verbose: [Package] information@1.0.0 enable
2023-5-11 16:06:14 - verbose: [Package] preferences@1.0.0 enable
2023-5-11 16:06:16 - log: Load engine in E:\cocos-editors\Creator\3.7.2\resources\resources\3d\engine
2023-5-11 16:06:17 - log: Profile changed: engine (modules.includeModules: 2d,animation,audio,base,dragon-bones,gfx-webgl,gfx-webgl2,intersection-2d,light-probe,particle-2d,physics-2d-box2d,profiler,spine,tiled-map,tween,ui,video,websocket,webview)
2023-5-11 16:06:17 - log: Register native engine in E:\cocos-editors\Creator\3.7.2\resources\resources\3d\engine\native
2023-5-11 16:06:17 - verbose: [Package] engine@1.0.7 enable
2023-5-11 16:06:18 - verbose: [Package] programming@1.0.0 enable
2023-5-11 16:06:18 - verbose: [Package] device@1.0.1 enable
2023-5-11 16:06:18 - verbose: [Package] ui-kit@1.0.1 enable
2023-5-11 16:06:19 - verbose: [Package] asset-db@1.0.0 enable
2023-5-11 16:06:19 - verbose: [Package] scene@1.0.0 enable
2023-5-11 16:06:19 - verbose: [Package] server@1.0.0 enable
2023-5-11 16:06:19 - verbose: [Package] utils@1.0.0 enable
2023-5-11 16:06:25 - verbose: [Package] preview@1.0.1 enable
2023-5-11 16:06:25 - verbose: [Package] animator@1.0.0 enable
2023-5-11 16:06:26 - verbose: [Build-plugin] register pkg scene: 1ms
2023-5-11 16:06:26 - verbose: Builder PluginManager init: 2ms
2023-5-11 16:06:26 - verbose: [Package] builder@1.3.4 enable
2023-5-11 16:06:26 - verbose: [Package] shortcuts@1.0.1 enable
2023-5-11 16:06:26 - verbose: [Package] animation-graph@1.0.0 enable
2023-5-11 16:06:26 - verbose: [Package] about@1.0.0 enable
2023-5-11 16:06:26 - verbose: [Package] assets@1.0.0 enable
2023-5-11 16:06:26 - verbose: [Package] console@1.0.0 enable
2023-5-11 16:06:26 - verbose: [Package] crash-reporter@1.0.0 enable
2023-5-11 16:06:26 - verbose: [Package] extension@3.1.1 enable
2023-5-11 16:06:26 - verbose: [Package] hierarchy@1.0.0 enable
2023-5-11 16:06:26 - verbose: [Package] inspector@1.0.0 enable
2023-5-11 16:06:26 - verbose: [Package] light-probe@1.0.4 enable
2023-5-11 16:06:26 - verbose: [Package] lightmap@1.0.4 enable
2023-5-11 16:06:26 - verbose: [Package] node-library@1.0.1 enable
2023-5-11 16:06:26 - verbose: [Package] package-asset@1.0.1 enable
2023-5-11 16:06:30 - verbose: [Package] cocos-service@3.0.6 enable
2023-5-11 16:06:30 - verbose: [Build-plugin] register pkg cocos-service: 52ms
2023-5-11 16:06:30 - verbose: [Package] process@1.0.0 enable
2023-5-11 16:06:30 - verbose: [Package] reference-image@1.0.0 enable
2023-5-11 16:06:30 - verbose: [Package] reflection-probe@1.0.4 enable
2023-5-11 16:06:30 - verbose: [Package] engine-extends@1.0.0 enable
2023-5-11 16:06:30 - verbose: [Package] alipay-mini-game@1.0.1 enable
2023-5-11 16:06:30 - verbose: [Package] android@1.0.1 enable
2023-5-11 16:06:30 - verbose: [Package] bytedance-mini-game@1.0.2 enable
2023-5-11 16:06:30 - verbose: [Package] certificate@1.0.0 enable
2023-5-11 16:06:30 - verbose: [Package] channel-upload-tools@1.0.0 enable
2023-5-11 16:06:30 - verbose: [Package] fb-instant-games@1.0.0 enable
2023-5-11 16:06:30 - verbose: [Package] huawei-agc@1.0.0 enable
2023-5-11 16:06:30 - verbose: [Build-plugin] register pkg android: 168ms
2023-5-11 16:06:30 - verbose: [Package] huawei-quick-game@1.0.1 enable
2023-5-11 16:06:30 - verbose: [Package] ios@1.0.0 enable
2023-5-11 16:06:30 - verbose: [Build-plugin] register pkg bytedance-mini-game: 150ms
2023-5-11 16:06:30 - verbose: [Package] linux@1.0.0 enable
2023-5-11 16:06:30 - verbose: [Package] mac@1.0.0 enable
2023-5-11 16:06:30 - verbose: [Package] native@1.0.2 enable
2023-5-11 16:06:30 - verbose: [Build-plugin] register pkg native: 49ms
2023-5-11 16:06:30 - verbose: [Package] ohos@1.0.0 enable
2023-5-11 16:06:30 - verbose: [Build-plugin] register pkg huawei-quick-game: 195ms
2023-5-11 16:06:30 - verbose: [Package] open-harmonyos@1.0.0 enable
2023-5-11 16:06:30 - verbose: [Package] oppo-mini-game@1.0.1 enable
2023-5-11 16:06:30 - verbose: [Package] runtime-dev-tools@1.0.0 enable
2023-5-11 16:06:30 - verbose: [Build-plugin] register pkg mac: 196ms
2023-5-11 16:06:30 - verbose: [Package] taobao-creative-app@1.0.0 enable
2023-5-11 16:06:30 - verbose: [Package] taobao-mini-game@1.0.0 enable
2023-5-11 16:06:30 - verbose: [Build-plugin] register pkg ohos: 117ms
2023-5-11 16:06:30 - verbose: [Build-plugin] register pkg ios: 298ms
2023-5-11 16:06:30 - verbose: [Package] vivo-mini-game@1.0.1 enable
2023-5-11 16:06:30 - verbose: [Build-plugin] register pkg oppo-mini-game: 108ms
2023-5-11 16:06:30 - verbose: [Package] web-desktop@1.0.1 enable
2023-5-11 16:06:30 - verbose: [Package] web-mobile@1.0.1 enable
2023-5-11 16:06:30 - verbose: [Package] wechatgame@1.0.2 enable
2023-5-11 16:06:30 - verbose: [Build-plugin] register pkg vivo-mini-game: 122ms
2023-5-11 16:06:30 - verbose: [Package] windows@1.0.1 enable
2023-5-11 16:06:30 - verbose: [Build-plugin] register pkg huawei-agc: 496ms
2023-5-11 16:06:30 - verbose: [Package] xiaomi-quick-game@1.0.1 enable
2023-5-11 16:06:30 - verbose: [Build-plugin] register pkg web-desktop: 113ms
2023-5-11 16:06:30 - verbose: asset-db is ready!
2023-5-11 16:06:31 - verbose: [Package] im-plugin@3.0.10 enable
2023-5-11 16:06:31 - verbose: [Build-plugin] register pkg web-mobile: 293ms
2023-5-11 16:06:31 - verbose: [Build-plugin] register pkg wechatgame: 266ms
2023-5-11 16:06:31 - verbose: [Build-plugin] register pkg taobao-creative-app: 413ms
2023-5-11 16:06:31 - verbose: [Package] placeholder@1.0.0 enable
2023-5-11 16:06:31 - verbose: [Build-plugin] register pkg fb-instant-games: 1024ms
2023-5-11 16:06:31 - verbose: [Build-plugin] register pkg xiaomi-quick-game: 502ms
2023-5-11 16:06:31 - verbose: [Build-plugin] register pkg windows: 595ms
2023-5-11 16:06:34 - info: [Scene] [Physics][Bullet]: Using asmjs Bullet libs.
2023-5-11 16:06:34 - info: [Scene] [PHYSICS]: using builtin.
2023-5-11 16:06:34 - log: [Scene] Cocos Creator v3.7.2
2023-5-11 16:06:34 - info: [Scene] Forward render pipeline initialized.
2023-5-11 16:06:34 - info: [Scene] [PHYSICS2D]: switch from builtin to box2d.
