debug: Thu, 11 May 2023 08:06:25 GMT
debug: Project: G:\code\cocos练习\explosionPoint
debug: Targets: editor,preview
debug: Incremental file seems great.
debug: Engine path: E:\cocos-editors\Creator\3.7.2\resources\resources\3d\engine
debug: Initializing target [Editor]
debug: Loading cache
debug: Loading cache costs 9.838599920272827ms.
debug: Engine features shipped in editor: base,gfx-webgl,gfx-webgl2,gfx-empty,3d,animation,skeletal-animation,2d,ui,particle,particle-2d,physics-framework,physics-2d-framework,intersection-2d,primitive,profiler,occlusion-query,geometry-renderer,debug-renderer,audio,video,xr,light-probe,terrain,webview,tween,tiled-map,spine,dragon-bones,marionette,custom-pipeline,websocket,websocket-server
debug: Our import map(foo:/bar): {
  "imports": {
    "cc": "cce:/internal/x/cc"
  }
}
debug: Initializing target [Preview]
debug: Loading cache
debug: Loading cache costs 8.496899962425232ms.
debug: Our import map(foo:/bar): {
  "imports": {
    "cc": "cce:/internal/x/cc"
  }
}
debug: Sync engine features: 2d,animation,audio,base,dragon-bones,gfx-webgl,gfx-webgl2,intersection-2d,light-probe,particle-2d,physics-2d-box2d,profiler,spine,tiled-map,tween,ui,video,websocket,webview
debug: Reset databases. Enumerated domains: [
  {
    "root": "db://internal/",
    "physical": "E:\\cocos-editors\\Creator\\3.7.2\\resources\\resources\\3d\\engine\\editor\\assets"
  },
  {
    "root": "db://assets/",
    "physical": "G:\\code\\cocos练习\\explosionPoint\\assets"
  }
]
debug: Our import map(foo:/bar): {
  "imports": {
    "cc": "cce:/internal/x/cc",
    "db://internal/": "file:///E:/cocos-editors/Creator/3.7.2/resources/resources/3d/engine/editor/assets/",
    "db://assets/": "file:///G:/code/cocos%E7%BB%83%E4%B9%A0/explosionPoint/assets/"
  }
}
debug: Our import map(foo:/bar): {
  "imports": {
    "cc": "cce:/internal/x/cc",
    "db://internal/": "file:///E:/cocos-editors/Creator/3.7.2/resources/resources/3d/engine/editor/assets/",
    "db://assets/": "file:///G:/code/cocos%E7%BB%83%E4%B9%A0/explosionPoint/assets/"
  }
}
debug: Pulling asset-db.
debug: Fetch asset-db cost: 5.738600015640259ms.
debug: Build iteration starts.
Number of accumulated asset changes: 3
Feature changed: false
debug: Target(editor) build started.
debug: Detected change: cce:/internal/x/cc. Last mtime: Thu Jan 01 1970 08:00:07 GMT+0800 (中国标准时间), Current mtime: Thu Jan 01 1970 08:00:07 GMT+0800 (中国标准时间)
debug: Inspect cce:/internal/x/cc
debug: Resolve cce:/internal/x/cc-fu/base from cce:/internal/x/cc as external dependency cce:/internal/x/cc-fu/base.
debug: Resolve cce:/internal/x/cc-fu/gfx-webgl from cce:/internal/x/cc as external dependency cce:/internal/x/cc-fu/gfx-webgl.
debug: Resolve cce:/internal/x/cc-fu/gfx-webgl2 from cce:/internal/x/cc as external dependency cce:/internal/x/cc-fu/gfx-webgl2.
debug: Resolve cce:/internal/x/cc-fu/gfx-empty from cce:/internal/x/cc as external dependency cce:/internal/x/cc-fu/gfx-empty.
debug: Resolve cce:/internal/x/cc-fu/3d from cce:/internal/x/cc as external dependency cce:/internal/x/cc-fu/3d.
debug: Resolve cce:/internal/x/cc-fu/animation from cce:/internal/x/cc as external dependency cce:/internal/x/cc-fu/animation.
debug: Resolve cce:/internal/x/cc-fu/skeletal-animation from cce:/internal/x/cc as external dependency cce:/internal/x/cc-fu/skeletal-animation.
debug: Resolve cce:/internal/x/cc-fu/2d from cce:/internal/x/cc as external dependency cce:/internal/x/cc-fu/2d.
debug: Resolve cce:/internal/x/cc-fu/sorting from cce:/internal/x/cc as external dependency cce:/internal/x/cc-fu/sorting.
debug: Resolve cce:/internal/x/cc-fu/ui from cce:/internal/x/cc as external dependency cce:/internal/x/cc-fu/ui.
debug: Resolve cce:/internal/x/cc-fu/particle from cce:/internal/x/cc as external dependency cce:/internal/x/cc-fu/particle.
debug: Resolve cce:/internal/x/cc-fu/particle-2d from cce:/internal/x/cc as external dependency cce:/internal/x/cc-fu/particle-2d.
debug: Resolve cce:/internal/x/cc-fu/physics-framework from cce:/internal/x/cc as external dependency cce:/internal/x/cc-fu/physics-framework.
debug: Resolve cce:/internal/x/cc-fu/physics-2d-framework from cce:/internal/x/cc as external dependency cce:/internal/x/cc-fu/physics-2d-framework.
debug: Resolve cce:/internal/x/cc-fu/intersection-2d from cce:/internal/x/cc as external dependency cce:/internal/x/cc-fu/intersection-2d.
debug: Resolve cce:/internal/x/cc-fu/primitive from cce:/internal/x/cc as external dependency cce:/internal/x/cc-fu/primitive.
debug: Resolve cce:/internal/x/cc-fu/profiler from cce:/internal/x/cc as external dependency cce:/internal/x/cc-fu/profiler.
debug: Resolve cce:/internal/x/cc-fu/geometry-renderer from cce:/internal/x/cc as external dependency cce:/internal/x/cc-fu/geometry-renderer.
debug: Resolve cce:/internal/x/cc-fu/audio from cce:/internal/x/cc as external dependency cce:/internal/x/cc-fu/audio.
debug: Resolve cce:/internal/x/cc-fu/video from cce:/internal/x/cc as external dependency cce:/internal/x/cc-fu/video.
debug: Resolve cce:/internal/x/cc-fu/xr from cce:/internal/x/cc as external dependency cce:/internal/x/cc-fu/xr.
debug: Resolve cce:/internal/x/cc-fu/light-probe from cce:/internal/x/cc as external dependency cce:/internal/x/cc-fu/light-probe.
debug: Resolve cce:/internal/x/cc-fu/terrain from cce:/internal/x/cc as external dependency cce:/internal/x/cc-fu/terrain.
debug: Resolve cce:/internal/x/cc-fu/webview from cce:/internal/x/cc as external dependency cce:/internal/x/cc-fu/webview.
debug: Resolve cce:/internal/x/cc-fu/tween from cce:/internal/x/cc as external dependency cce:/internal/x/cc-fu/tween.
debug: Resolve cce:/internal/x/cc-fu/tiled-map from cce:/internal/x/cc as external dependency cce:/internal/x/cc-fu/tiled-map.
debug: Resolve cce:/internal/x/cc-fu/spine from cce:/internal/x/cc as external dependency cce:/internal/x/cc-fu/spine.
debug: Resolve cce:/internal/x/cc-fu/dragon-bones from cce:/internal/x/cc as external dependency cce:/internal/x/cc-fu/dragon-bones.
debug: Resolve cce:/internal/x/cc-fu/custom-pipeline from cce:/internal/x/cc as external dependency cce:/internal/x/cc-fu/custom-pipeline.
debug: Detected change: cce:/internal/x/prerequisite-imports. Last mtime: Thu Jan 01 1970 11:05:02 GMT+0800 (中国标准时间), Current mtime: Thu Jan 01 1970 08:00:08 GMT+0800 (中国标准时间)
debug: Inspect cce:/internal/x/prerequisite-imports
debug: Resolve file:///E:/cocos-editors/Creator/3.7.2/resources/resources/3d/engine/editor/assets/tools/debug-view-runtime-control.ts from cce:/internal/x/prerequisite-imports as file:///E:/cocos-editors/Creator/3.7.2/resources/resources/3d/engine/editor/assets/tools/debug-view-runtime-control.ts.
debug: Resolve cc from file:///E:/cocos-editors/Creator/3.7.2/resources/resources/3d/engine/editor/assets/tools/debug-view-runtime-control.ts as cce:/internal/x/cc.
debug: Resolve cc from file:///E:/cocos-editors/Creator/3.7.2/resources/resources/3d/engine/editor/assets/tools/debug-view-runtime-control.ts as cce:/internal/x/cc.
debug: Resolve cc from file:///E:/cocos-editors/Creator/3.7.2/resources/resources/3d/engine/editor/assets/tools/debug-view-runtime-control.ts as cce:/internal/x/cc.
debug: Resolve file:///G:/code/cocos%E7%BB%83%E4%B9%A0/explosionPoint/assets/scripts/game.ts from cce:/internal/x/prerequisite-imports as file:///G:/code/cocos%E7%BB%83%E4%B9%A0/explosionPoint/assets/scripts/game.ts.
debug: Resolve cc from file:///G:/code/cocos%E7%BB%83%E4%B9%A0/explosionPoint/assets/scripts/game.ts as cce:/internal/x/cc.
debug: Resolve cc from file:///G:/code/cocos%E7%BB%83%E4%B9%A0/explosionPoint/assets/scripts/game.ts as cce:/internal/x/cc.
debug: Resolve cc from file:///G:/code/cocos%E7%BB%83%E4%B9%A0/explosionPoint/assets/scripts/game.ts as cce:/internal/x/cc.
debug: Resolve file:///G:/code/cocos%E7%BB%83%E4%B9%A0/explosionPoint/assets/scripts/gameOver.ts from cce:/internal/x/prerequisite-imports as file:///G:/code/cocos%E7%BB%83%E4%B9%A0/explosionPoint/assets/scripts/gameOver.ts.
debug: Resolve cc from file:///G:/code/cocos%E7%BB%83%E4%B9%A0/explosionPoint/assets/scripts/gameOver.ts as cce:/internal/x/cc.
debug: Resolve cc from file:///G:/code/cocos%E7%BB%83%E4%B9%A0/explosionPoint/assets/scripts/gameOver.ts as cce:/internal/x/cc.
debug: Resolve cc from file:///G:/code/cocos%E7%BB%83%E4%B9%A0/explosionPoint/assets/scripts/gameOver.ts as cce:/internal/x/cc.
debug: Target(editor) ends with cost 56.011799931526184ms.
debug: Target(preview) build started.
debug: Detected change: cce:/internal/x/cc. Last mtime: Thu Jan 01 1970 08:00:07 GMT+0800 (中国标准时间), Current mtime: Thu Jan 01 1970 08:00:07 GMT+0800 (中国标准时间)
debug: Inspect cce:/internal/x/cc
debug: Resolve cce:/internal/x/cc-fu/2d from cce:/internal/x/cc as external dependency cce:/internal/x/cc-fu/2d.
debug: Resolve cce:/internal/x/cc-fu/sorting from cce:/internal/x/cc as external dependency cce:/internal/x/cc-fu/sorting.
debug: Resolve cce:/internal/x/cc-fu/animation from cce:/internal/x/cc as external dependency cce:/internal/x/cc-fu/animation.
debug: Resolve cce:/internal/x/cc-fu/audio from cce:/internal/x/cc as external dependency cce:/internal/x/cc-fu/audio.
debug: Resolve cce:/internal/x/cc-fu/base from cce:/internal/x/cc as external dependency cce:/internal/x/cc-fu/base.
debug: Resolve cce:/internal/x/cc-fu/dragon-bones from cce:/internal/x/cc as external dependency cce:/internal/x/cc-fu/dragon-bones.
debug: Resolve cce:/internal/x/cc-fu/gfx-webgl from cce:/internal/x/cc as external dependency cce:/internal/x/cc-fu/gfx-webgl.
debug: Resolve cce:/internal/x/cc-fu/gfx-webgl2 from cce:/internal/x/cc as external dependency cce:/internal/x/cc-fu/gfx-webgl2.
debug: Resolve cce:/internal/x/cc-fu/intersection-2d from cce:/internal/x/cc as external dependency cce:/internal/x/cc-fu/intersection-2d.
debug: Resolve cce:/internal/x/cc-fu/light-probe from cce:/internal/x/cc as external dependency cce:/internal/x/cc-fu/light-probe.
debug: Resolve cce:/internal/x/cc-fu/particle-2d from cce:/internal/x/cc as external dependency cce:/internal/x/cc-fu/particle-2d.
debug: Resolve cce:/internal/x/cc-fu/physics-2d-box2d from cce:/internal/x/cc as external dependency cce:/internal/x/cc-fu/physics-2d-box2d.
debug: Resolve cce:/internal/x/cc-fu/physics-2d-framework from cce:/internal/x/cc as external dependency cce:/internal/x/cc-fu/physics-2d-framework.
debug: Resolve cce:/internal/x/cc-fu/profiler from cce:/internal/x/cc as external dependency cce:/internal/x/cc-fu/profiler.
debug: Resolve cce:/internal/x/cc-fu/spine from cce:/internal/x/cc as external dependency cce:/internal/x/cc-fu/spine.
debug: Resolve cce:/internal/x/cc-fu/tiled-map from cce:/internal/x/cc as external dependency cce:/internal/x/cc-fu/tiled-map.
debug: Resolve cce:/internal/x/cc-fu/tween from cce:/internal/x/cc as external dependency cce:/internal/x/cc-fu/tween.
debug: Resolve cce:/internal/x/cc-fu/ui from cce:/internal/x/cc as external dependency cce:/internal/x/cc-fu/ui.
debug: Resolve cce:/internal/x/cc-fu/video from cce:/internal/x/cc as external dependency cce:/internal/x/cc-fu/video.
debug: Resolve cce:/internal/x/cc-fu/webview from cce:/internal/x/cc as external dependency cce:/internal/x/cc-fu/webview.
debug: Detected change: cce:/internal/x/prerequisite-imports. Last mtime: Thu Jan 01 1970 11:05:02 GMT+0800 (中国标准时间), Current mtime: Thu Jan 01 1970 08:00:08 GMT+0800 (中国标准时间)
debug: Inspect cce:/internal/x/prerequisite-imports
debug: Resolve file:///E:/cocos-editors/Creator/3.7.2/resources/resources/3d/engine/editor/assets/tools/debug-view-runtime-control.ts from cce:/internal/x/prerequisite-imports as file:///E:/cocos-editors/Creator/3.7.2/resources/resources/3d/engine/editor/assets/tools/debug-view-runtime-control.ts.
debug: Resolve cc from file:///E:/cocos-editors/Creator/3.7.2/resources/resources/3d/engine/editor/assets/tools/debug-view-runtime-control.ts as cce:/internal/x/cc.
debug: Resolve cc from file:///E:/cocos-editors/Creator/3.7.2/resources/resources/3d/engine/editor/assets/tools/debug-view-runtime-control.ts as cce:/internal/x/cc.
debug: Resolve cc from file:///E:/cocos-editors/Creator/3.7.2/resources/resources/3d/engine/editor/assets/tools/debug-view-runtime-control.ts as cce:/internal/x/cc.
debug: Resolve file:///G:/code/cocos%E7%BB%83%E4%B9%A0/explosionPoint/assets/scripts/game.ts from cce:/internal/x/prerequisite-imports as file:///G:/code/cocos%E7%BB%83%E4%B9%A0/explosionPoint/assets/scripts/game.ts.
debug: Resolve cc from file:///G:/code/cocos%E7%BB%83%E4%B9%A0/explosionPoint/assets/scripts/game.ts as cce:/internal/x/cc.
debug: Resolve cc from file:///G:/code/cocos%E7%BB%83%E4%B9%A0/explosionPoint/assets/scripts/game.ts as cce:/internal/x/cc.
debug: Resolve cc from file:///G:/code/cocos%E7%BB%83%E4%B9%A0/explosionPoint/assets/scripts/game.ts as cce:/internal/x/cc.
debug: Resolve file:///G:/code/cocos%E7%BB%83%E4%B9%A0/explosionPoint/assets/scripts/gameOver.ts from cce:/internal/x/prerequisite-imports as file:///G:/code/cocos%E7%BB%83%E4%B9%A0/explosionPoint/assets/scripts/gameOver.ts.
debug: Resolve cc from file:///G:/code/cocos%E7%BB%83%E4%B9%A0/explosionPoint/assets/scripts/gameOver.ts as cce:/internal/x/cc.
debug: Resolve cc from file:///G:/code/cocos%E7%BB%83%E4%B9%A0/explosionPoint/assets/scripts/gameOver.ts as cce:/internal/x/cc.
debug: Resolve cc from file:///G:/code/cocos%E7%BB%83%E4%B9%A0/explosionPoint/assets/scripts/gameOver.ts as cce:/internal/x/cc.
debug: Target(preview) ends with cost 50.184500098228455ms.
debug: Pulling asset-db.
debug: Fetch asset-db cost: 1166.2994000911713ms.
debug: Build iteration starts.
Number of accumulated asset changes: 3
Feature changed: false
debug: Target(editor) build started.
debug: Detected change: cce:/internal/x/prerequisite-imports. Last mtime: Thu Jan 01 1970 08:00:08 GMT+0800 (中国标准时间), Current mtime: Thu Jan 01 1970 08:00:14 GMT+0800 (中国标准时间)
debug: Inspect cce:/internal/x/prerequisite-imports
debug: Resolve file:///E:/cocos-editors/Creator/3.7.2/resources/resources/3d/engine/editor/assets/tools/debug-view-runtime-control.ts from cce:/internal/x/prerequisite-imports as file:///E:/cocos-editors/Creator/3.7.2/resources/resources/3d/engine/editor/assets/tools/debug-view-runtime-control.ts.
debug: Resolve file:///G:/code/cocos%E7%BB%83%E4%B9%A0/explosionPoint/assets/scripts/game.ts from cce:/internal/x/prerequisite-imports as file:///G:/code/cocos%E7%BB%83%E4%B9%A0/explosionPoint/assets/scripts/game.ts.
debug: Resolve file:///G:/code/cocos%E7%BB%83%E4%B9%A0/explosionPoint/assets/scripts/gameOver.ts from cce:/internal/x/prerequisite-imports as file:///G:/code/cocos%E7%BB%83%E4%B9%A0/explosionPoint/assets/scripts/gameOver.ts.
debug: Target(editor) ends with cost 22.75689995288849ms.
debug: Target(preview) build started.
debug: Detected change: cce:/internal/x/prerequisite-imports. Last mtime: Thu Jan 01 1970 08:00:08 GMT+0800 (中国标准时间), Current mtime: Thu Jan 01 1970 08:00:14 GMT+0800 (中国标准时间)
debug: Inspect cce:/internal/x/prerequisite-imports
debug: Resolve file:///E:/cocos-editors/Creator/3.7.2/resources/resources/3d/engine/editor/assets/tools/debug-view-runtime-control.ts from cce:/internal/x/prerequisite-imports as file:///E:/cocos-editors/Creator/3.7.2/resources/resources/3d/engine/editor/assets/tools/debug-view-runtime-control.ts.
debug: Resolve file:///G:/code/cocos%E7%BB%83%E4%B9%A0/explosionPoint/assets/scripts/game.ts from cce:/internal/x/prerequisite-imports as file:///G:/code/cocos%E7%BB%83%E4%B9%A0/explosionPoint/assets/scripts/game.ts.
debug: Resolve file:///G:/code/cocos%E7%BB%83%E4%B9%A0/explosionPoint/assets/scripts/gameOver.ts from cce:/internal/x/prerequisite-imports as file:///G:/code/cocos%E7%BB%83%E4%B9%A0/explosionPoint/assets/scripts/gameOver.ts.
debug: Target(preview) ends with cost 19.659000039100647ms.
